<?xml version="1.0" encoding="UTF-8"?>
<testng-results ignored="0" total="2" passed="2" failed="0" skipped="0">
  <reporter-output>
  </reporter-output>
  <suite started-at="2022-08-04T11:36:11 IST" name="Default suite" finished-at="2022-08-04T11:36:32 IST" duration-ms="21130">
    <groups>
    </groups>
    <test started-at="2022-08-04T11:36:11 IST" name="Default test" finished-at="2022-08-04T11:36:32 IST" duration-ms="21130">
      <class name="TestClass.LoginPageTest">
        <test-method is-config="true" signature="loadConfig()[pri:0, instance:TestClass.LoginPageTest@7690781]" started-at="2022-08-04T11:36:11 IST" name="loadConfig" finished-at="2022-08-04T11:36:11 IST" duration-ms="25" status="PASS">
          <reporter-output>
          </reporter-output>
        </test-method> <!-- loadConfig -->
        <test-method is-config="true" signature="setup()[pri:0, instance:TestClass.LoginPageTest@7690781]" started-at="2022-08-04T11:36:11 IST" name="setup" finished-at="2022-08-04T11:36:19 IST" duration-ms="7986" status="PASS">
          <reporter-output>
          </reporter-output>
        </test-method> <!-- setup -->
        <test-method signature="ValidateTitleTest()[pri:1, instance:TestClass.LoginPageTest@7690781]" started-at="2022-08-04T11:36:19 IST" name="ValidateTitleTest" finished-at="2022-08-04T11:36:19 IST" duration-ms="61" status="PASS">
          <reporter-output>
          </reporter-output>
        </test-method> <!-- ValidateTitleTest -->
        <test-method is-config="true" signature="tearDown()[pri:0, instance:TestClass.LoginPageTest@7690781]" started-at="2022-08-04T11:36:19 IST" name="tearDown" finished-at="2022-08-04T11:36:19 IST" duration-ms="353" status="PASS">
          <reporter-output>
          </reporter-output>
        </test-method> <!-- tearDown -->
        <test-method is-config="true" signature="setup()[pri:0, instance:TestClass.LoginPageTest@7690781]" started-at="2022-08-04T11:36:19 IST" name="setup" finished-at="2022-08-04T11:36:24 IST" duration-ms="4570" status="PASS">
          <reporter-output>
          </reporter-output>
        </test-method> <!-- setup -->
        <test-method signature="ValidateLoginCredinatilTest()[pri:2, instance:TestClass.LoginPageTest@7690781]" started-at="2022-08-04T11:36:24 IST" name="ValidateLoginCredinatilTest" finished-at="2022-08-04T11:36:32 IST" duration-ms="7833" status="PASS">
          <reporter-output>
          </reporter-output>
        </test-method> <!-- ValidateLoginCredinatilTest -->
        <test-method is-config="true" signature="tearDown()[pri:0, instance:TestClass.LoginPageTest@7690781]" started-at="2022-08-04T11:36:32 IST" name="tearDown" finished-at="2022-08-04T11:36:32 IST" duration-ms="277" status="PASS">
          <reporter-output>
          </reporter-output>
        </test-method> <!-- tearDown -->
        <test-method is-config="true" signature="afterSuite()[pri:0, instance:TestClass.LoginPageTest@7690781]" started-at="2022-08-04T11:36:32 IST" name="afterSuite" finished-at="2022-08-04T11:36:32 IST" duration-ms="1" status="PASS">
          <reporter-output>
          </reporter-output>
        </test-method> <!-- afterSuite -->
      </class> <!-- TestClass.LoginPageTest -->
    </test> <!-- Default test -->
  </suite> <!-- Default suite -->
</testng-results>
