<?xml version="1.0" encoding="UTF-8"?>
<!-- Generated by org.testng.reporters.JUnitXMLReporter -->
<testsuite ignored="8" hostname="LMC-LT-066" failures="0" tests="7" name="Test" time="91.706" errors="0" timestamp="2022-07-29T14:54:10 IST">
  <testcase classname="TestClass.LoginPageTest" name="ValidateTitleTest" time="0.037"/>
  <testcase classname="TestClass.LoginPageTest" name="ValidateLoginCredinatilTest" time="7.571"/>
  <testcase classname="TestClass.ForgotPassTest" name="ValidateForgotpassTest" time="4.512"/>
  <testcase classname="TestClass.DashboardPageTest" name="Verify_AdminPage" time="4.619"/>
  <testcase classname="TestClass.AdminpageTest" name="Verify_AdminPage" time="4.269"/>
  <testcase classname="TestClass.AdminpageTest" name="Verify_admin_Add_buttonTest" time="2.467"/>
  <testcase classname="TestClass.Admin_JobPageTest" name="verifyAddJobTest" time="15.247"/>
  <testcase classname="BaseClass.TestBase" name="@AfterSuite afterSuite" time="0.0">
    <ignored/>
  </testcase> <!-- @AfterSuite afterSuite -->
  <testcase classname="BaseClass.TestBase" name="@AfterSuite afterSuite" time="0.0">
    <ignored/>
  </testcase> <!-- @AfterSuite afterSuite -->
  <testcase classname="BaseClass.TestBase" name="@AfterSuite afterSuite" time="0.0">
    <ignored/>
  </testcase> <!-- @AfterSuite afterSuite -->
  <testcase classname="BaseClass.TestBase" name="@AfterSuite afterSuite" time="0.0">
    <ignored/>
  </testcase> <!-- @AfterSuite afterSuite -->
  <testcase classname="BaseClass.TestBase" name="@BeforeSuite loadConfig" time="0.0">
    <ignored/>
  </testcase> <!-- @BeforeSuite loadConfig -->
  <testcase classname="BaseClass.TestBase" name="@BeforeSuite loadConfig" time="0.0">
    <ignored/>
  </testcase> <!-- @BeforeSuite loadConfig -->
  <testcase classname="BaseClass.TestBase" name="@BeforeSuite loadConfig" time="0.0">
    <ignored/>
  </testcase> <!-- @BeforeSuite loadConfig -->
  <testcase classname="BaseClass.TestBase" name="@BeforeSuite loadConfig" time="0.0">
    <ignored/>
  </testcase> <!-- @BeforeSuite loadConfig -->
</testsuite> <!-- Test -->
